14:07:34.191 [main] INFO  - Goto my account-->Click on Login.. 
14:07:34.883 [main] INFO  - Entering email and password.. 
14:07:35.559 [main] INFO  - clicked on login button...
15:21:51.876 [main] INFO  - Goto my account-->Click on Login.. 
15:21:53.135 [main] INFO  - Entering email and password.. 
15:21:54.620 [main] INFO  - clicked on login button...
15:32:55.009 [main] INFO  - Goto my account-->Click on Login.. 
15:32:55.760 [main] INFO  - Entering email and password.. 
15:32:56.517 [main] INFO  - clicked on login button...
15:44:58.490 [main] INFO  - Goto my account-->Click on Login.. 
15:44:59.375 [main] INFO  - Entering email and password.. 
15:45:00.720 [main] INFO  - clicked on login button...
11:24:02.941 [pool-3-thread-1] INFO  - Goto my account-->Click on Login.. 
11:24:03.761 [pool-3-thread-1] INFO  - Entering email and password.. 
11:24:06.101 [pool-3-thread-1] INFO  - clicked on login button...
11:25:07.956 [main] INFO  - Goto my account-->Click on Login.. 
11:25:08.604 [main] INFO  - Entering email and password.. 
11:25:09.732 [main] INFO  - clicked on login button...
11:27:34.728 [main] INFO  - Goto my account-->Click on Login.. 
11:27:35.361 [main] INFO  - Entering email and password.. 
11:27:36.283 [main] INFO  - clicked on login button...
11:28:39.062 [pool-3-thread-1] INFO  - Goto my account-->Click on Login.. 
11:28:39.709 [pool-3-thread-1] INFO  - Entering email and password.. 
11:28:41.527 [pool-3-thread-1] INFO  - clicked on login button...
11:30:58.762 [main] INFO  - Goto my account-->Click on Login.. 
11:30:59.506 [main] INFO  - Entering email and password.. 
11:31:00.817 [main] INFO  - clicked on login button...
11:32:42.541 [main] INFO  - Goto my account-->Click on Login.. 
11:32:46.118 [main] INFO  - Entering email and password.. 
11:32:47.244 [main] INFO  - clicked on login button...
11:34:08.134 [main] INFO  - Goto my account-->Click on Login.. 
11:34:08.801 [main] INFO  - Entering email and password.. 
11:34:10.471 [main] INFO  - clicked on login button...
11:45:34.561 [main] INFO  - Goto my account-->Click on Login.. 
11:45:35.241 [main] INFO  - Entering email and password.. 
11:45:36.544 [main] INFO  - clicked on login button...
11:48:32.063 [main] INFO  - Goto my account-->Click on Login.. 
11:48:32.749 [main] INFO  - Entering email and password.. 
11:48:34.206 [main] INFO  - clicked on login button...
12:19:09.362 [main] INFO  - Goto my account-->Click on Login.. 
12:19:10.371 [main] INFO  - Entering email and password.. 
12:19:11.738 [main] INFO  - clicked on login button...
12:24:14.670 [main] INFO  - Goto my account-->Click on Login.. 
12:24:15.551 [main] INFO  - Entering email and password.. 
12:24:16.857 [main] INFO  - clicked on login button...
12:25:59.705 [main] INFO  - Goto my account-->Click on Login.. 
12:26:00.443 [main] INFO  - Entering email and password.. 
12:26:01.724 [main] INFO  - clicked on login button...
12:40:21.946 [main] INFO  - Goto my account-->Click on Login.. 
12:40:22.616 [main] INFO  - Entering email and password.. 
12:40:24.212 [main] INFO  - clicked on login button...
12:48:13.135 [main] INFO  - Goto my account-->Click on Login.. 
12:48:14.187 [main] INFO  - Entering email and password.. 
12:48:15.338 [main] INFO  - clicked on login button...
07:20:02.541 [main] INFO  - Goto my account-->Click on Login.. 
07:20:03.687 [main] INFO  - Entering email and password.. 
07:20:04.885 [main] INFO  - clicked on login button...
07:26:07.255 [main] INFO  - Goto my account-->Click on Login.. 
07:26:08.073 [main] INFO  - Entering email and password.. 
07:26:08.937 [main] INFO  - clicked on login button...
07:27:45.855 [main] INFO  - Goto my account-->Click on Login.. 
07:27:46.685 [main] INFO  - Entering email and password.. 
07:27:47.506 [main] INFO  - clicked on login button...
07:42:18.774 [main] INFO  - Goto my account-->Click on Login.. 
07:42:19.621 [main] INFO  - Entering email and password.. 
07:42:20.495 [main] INFO  - clicked on login button...
07:44:30.850 [main] INFO  - Goto my account-->Click on Login.. 
07:44:31.695 [main] INFO  - Entering email and password.. 
07:44:32.578 [main] INFO  - clicked on login button...
07:46:04.249 [main] INFO  - Goto my account-->Click on Login.. 
07:46:05.043 [main] INFO  - Entering email and password.. 
07:46:05.916 [main] INFO  - clicked on login button...
07:52:55.919 [main] INFO  - Goto my account-->Click on Login.. 
07:52:56.718 [main] INFO  - Entering email and password.. 
07:52:57.593 [main] INFO  - clicked on login button...
16:38:08.538 [main] INFO  - Goto my account-->Click on Login.. 
16:38:09.016 [main] INFO  - Entering email and password.. 
16:38:10.693 [main] INFO  - clicked on login button...
16:38:13.942 [main] INFO  - Goto my account-->Click on Login.. 
16:38:14.281 [main] INFO  - Entering email and password.. 
16:38:14.840 [main] INFO  - clicked on login button...
16:38:17.994 [main] INFO  - Goto my account-->Click on Login.. 
16:38:18.449 [main] INFO  - Entering email and password.. 
16:38:19.148 [main] INFO  - clicked on login button...
17:11:13.002 [main] INFO  - Goto my account-->Click on Login.. 
17:11:13.341 [main] INFO  - Entering email and password.. 
17:11:14.836 [main] INFO  - clicked on login button...
18:56:00.466 [main] INFO  - Goto my account-->Click on Login.. 
18:56:00.774 [main] INFO  - Entering email and password.. 
18:56:01.260 [main] INFO  - clicked on login button...
18:56:13.501 [main] INFO  - Goto my account-->Click on Login.. 
18:56:14.029 [main] INFO  - Entering email and password.. 
18:56:14.483 [main] INFO  - clicked on login button...
19:51:45.586 [main] INFO  - Goto my account-->Click on Login.. 
19:51:45.885 [main] INFO  - Entering email and password.. 
19:51:46.460 [main] INFO  - clicked on login button...
19:51:48.422 [main] INFO  - Goto my account-->Click on Login.. 
19:51:48.689 [main] INFO  - Entering email and password.. 
19:51:49.299 [main] INFO  - clicked on login button...
20:42:02.101 [main] INFO  - Goto my account-->Click on Login.. 
20:42:02.584 [main] DEBUG - Parsing relationship: /xl/_rels/workbook.xml.rels
20:42:02.587 [main] DEBUG - Parsing relationship: /xl/worksheets/_rels/sheet1.xml.rels
20:42:02.589 [main] DEBUG - Parsing relationship: /_rels/.rels
20:42:02.758 [main] TRACE - Loading type system org.apache.poi.schemas.ooxml.system.ooxml
20:42:02.762 [main] TRACE - Loading type system org.apache.xmlbeans.metadata.system.sXMLCONFIG
20:42:02.762 [main] TRACE - Loading type system org.apache.xmlbeans.metadata.system.sXMLLANG
20:42:02.763 [main] TRACE - Loading type system org.apache.xmlbeans.metadata.system.sXMLSCHEMA
20:42:02.763 [main] TRACE - Loading type system org.apache.xmlbeans.metadata.system.sXMLTOOLS
20:42:02.764 [main] TRACE - Reading unresolved handles for type system org.apache.xmlbeans.metadata.system.sXMLTOOLS
20:42:02.776 [main] TRACE - Finished loading type system org.apache.xmlbeans.metadata.system.sXMLTOOLS
20:42:02.776 [main] TRACE - Reading unresolved handles for type system org.apache.xmlbeans.metadata.system.sXMLSCHEMA
20:42:02.782 [main] TRACE - Finished loading type system org.apache.xmlbeans.metadata.system.sXMLSCHEMA
20:42:02.783 [main] TRACE - Reading unresolved handles for type system org.apache.xmlbeans.metadata.system.sXMLLANG
20:42:02.784 [main] TRACE - Finished loading type system org.apache.xmlbeans.metadata.system.sXMLLANG
20:42:02.785 [main] TRACE - Reading unresolved handles for type system org.apache.xmlbeans.metadata.system.sXMLCONFIG
20:42:02.786 [main] TRACE - Finished loading type system org.apache.xmlbeans.metadata.system.sXMLCONFIG
20:42:02.787 [main] TRACE - Reading unresolved handles for type system org.apache.poi.schemas.ooxml.system.ooxml
20:42:02.832 [main] TRACE - Finished loading type system org.apache.poi.schemas.ooxml.system.ooxml
20:42:02.833 [main] TRACE - Resolving type for handle themefd26doctype
20:42:02.896 [main] TRACE - Resolving type for handle stylesheet5d8bdoctype
20:42:02.902 [main] TRACE - Resolving type for handle ctstylesheet4257type
20:42:02.907 [main] TRACE - Resolving type for handle ctfonts6623type
20:42:02.911 [main] TRACE - Resolving type for handle ctfont14d8type
20:42:02.917 [main] TRACE - Resolving type for handle ctfills2c6ftype
20:42:02.920 [main] TRACE - Resolving type for handle ctfill550ctype
20:42:02.923 [main] TRACE - Resolving type for handle ctborders0d66type
20:42:02.926 [main] TRACE - Resolving type for handle ctborderf935type
20:42:02.929 [main] TRACE - Resolving type for handle ctcellxfs1322type
20:42:02.932 [main] TRACE - Resolving type for handle ctxf97f7type
20:42:02.934 [main] TRACE - Resolving type for handle ctcellstylexfsa81ftype
20:42:02.936 [main] TRACE - Resolving type for handle ctdxfsb26atype
20:42:02.939 [main] TRACE - Resolving type for handle cttablestyles872ftype
20:42:02.945 [main] TRACE - Resolving type for handle sstf81fdoctype
20:42:02.950 [main] TRACE - Resolving type for handle ctsst44f3type
20:42:02.960 [main] TRACE - Resolving type for handle ctrsta472type
20:42:02.979 [main] DEBUG - using default POIXMLDocumentPart for http://schemas.openxmlformats.org/officeDocument/2006/relationships/printerSettings
20:42:02.981 [main] TRACE - Resolving type for handle workbookec17doctype
20:42:02.985 [main] TRACE - Resolving type for handle ctworkbook83c3type
20:42:02.990 [main] TRACE - Resolving type for handle ctsheets49fdtype
20:42:02.993 [main] TRACE - Resolving type for handle ctsheet4dbetype
20:42:02.995 [main] TRACE - Resolving type for handle strelationshipid1e94type
20:42:02.998 [main] TRACE - Resolving type for handle worksheetf539doctype
20:42:03.004 [main] TRACE - Resolving type for handle ctworksheet530dtype
20:42:03.011 [main] TRACE - Resolving type for handle ctsheetdata8408type
20:42:03.014 [main] TRACE - Resolving type for handle ctrowdd39type
20:42:03.018 [main] TRACE - Resolving type for handle ctcell842btype
20:42:03.023 [main] TRACE - Resolving type for handle stcellrefe4e0type
20:42:03.029 [main] TRACE - Resolving type for handle ctcols627ctype
20:42:03.033 [main] TRACE - Resolving type for handle ctcola95ftype
20:42:03.044 [main] TRACE - Resolving type for handle cthyperlinks6416type
20:42:03.046 [main] TRACE - Resolving type for handle cthyperlink0c85type
20:42:03.050 [main] TRACE - Resolving type for handle stxstringf179type
20:42:03.052 [main] TRACE - Resolving type for handle stcelltypebf95type
20:42:06.140 [main] INFO  - Goto my account-->Click on Login.. 
20:42:06.566 [main] DEBUG - Parsing relationship: /xl/_rels/workbook.xml.rels
20:42:06.570 [main] DEBUG - Parsing relationship: /xl/worksheets/_rels/sheet1.xml.rels
20:42:06.571 [main] DEBUG - Parsing relationship: /_rels/.rels
20:42:06.588 [main] DEBUG - using default POIXMLDocumentPart for http://schemas.openxmlformats.org/officeDocument/2006/relationships/printerSettings
20:42:09.524 [main] INFO  - Goto my account-->Click on Login.. 
20:42:10.006 [main] DEBUG - Parsing relationship: /xl/_rels/workbook.xml.rels
20:42:10.007 [main] DEBUG - Parsing relationship: /xl/worksheets/_rels/sheet1.xml.rels
20:42:10.009 [main] DEBUG - Parsing relationship: /_rels/.rels
20:42:10.024 [main] DEBUG - using default POIXMLDocumentPart for http://schemas.openxmlformats.org/officeDocument/2006/relationships/printerSettings
20:52:20.762 [main] INFO  - Goto my account-->Click on Login.. 
20:52:21.208 [main] DEBUG - Parsing relationship: /xl/_rels/workbook.xml.rels
20:52:21.210 [main] DEBUG - Parsing relationship: /xl/worksheets/_rels/sheet1.xml.rels
20:52:21.212 [main] DEBUG - Parsing relationship: /_rels/.rels
20:52:21.344 [main] TRACE - Loading type system org.apache.poi.schemas.ooxml.system.ooxml
20:52:21.347 [main] TRACE - Loading type system org.apache.xmlbeans.metadata.system.sXMLCONFIG
20:52:21.347 [main] TRACE - Loading type system org.apache.xmlbeans.metadata.system.sXMLLANG
20:52:21.348 [main] TRACE - Loading type system org.apache.xmlbeans.metadata.system.sXMLSCHEMA
20:52:21.348 [main] TRACE - Loading type system org.apache.xmlbeans.metadata.system.sXMLTOOLS
20:52:21.349 [main] TRACE - Reading unresolved handles for type system org.apache.xmlbeans.metadata.system.sXMLTOOLS
20:52:21.358 [main] TRACE - Finished loading type system org.apache.xmlbeans.metadata.system.sXMLTOOLS
20:52:21.359 [main] TRACE - Reading unresolved handles for type system org.apache.xmlbeans.metadata.system.sXMLSCHEMA
20:52:21.363 [main] TRACE - Finished loading type system org.apache.xmlbeans.metadata.system.sXMLSCHEMA
20:52:21.364 [main] TRACE - Reading unresolved handles for type system org.apache.xmlbeans.metadata.system.sXMLLANG
20:52:21.365 [main] TRACE - Finished loading type system org.apache.xmlbeans.metadata.system.sXMLLANG
20:52:21.365 [main] TRACE - Reading unresolved handles for type system org.apache.xmlbeans.metadata.system.sXMLCONFIG
20:52:21.366 [main] TRACE - Finished loading type system org.apache.xmlbeans.metadata.system.sXMLCONFIG
20:52:21.367 [main] TRACE - Reading unresolved handles for type system org.apache.poi.schemas.ooxml.system.ooxml
20:52:21.413 [main] TRACE - Finished loading type system org.apache.poi.schemas.ooxml.system.ooxml
20:52:21.414 [main] TRACE - Resolving type for handle themefd26doctype
20:52:21.463 [main] TRACE - Resolving type for handle stylesheet5d8bdoctype
20:52:21.469 [main] TRACE - Resolving type for handle ctstylesheet4257type
20:52:21.473 [main] TRACE - Resolving type for handle ctfonts6623type
20:52:21.475 [main] TRACE - Resolving type for handle ctfont14d8type
20:52:21.486 [main] TRACE - Resolving type for handle ctfills2c6ftype
20:52:21.488 [main] TRACE - Resolving type for handle ctfill550ctype
20:52:21.489 [main] TRACE - Resolving type for handle ctborders0d66type
20:52:21.492 [main] TRACE - Resolving type for handle ctborderf935type
20:52:21.494 [main] TRACE - Resolving type for handle ctcellxfs1322type
20:52:21.496 [main] TRACE - Resolving type for handle ctxf97f7type
20:52:21.499 [main] TRACE - Resolving type for handle ctcellstylexfsa81ftype
20:52:21.501 [main] TRACE - Resolving type for handle ctdxfsb26atype
20:52:21.503 [main] TRACE - Resolving type for handle cttablestyles872ftype
20:52:21.506 [main] TRACE - Resolving type for handle sstf81fdoctype
20:52:21.510 [main] TRACE - Resolving type for handle ctsst44f3type
20:52:21.518 [main] TRACE - Resolving type for handle ctrsta472type
20:52:21.539 [main] DEBUG - using default POIXMLDocumentPart for http://schemas.openxmlformats.org/officeDocument/2006/relationships/printerSettings
20:52:21.540 [main] TRACE - Resolving type for handle workbookec17doctype
20:52:21.545 [main] TRACE - Resolving type for handle ctworkbook83c3type
20:52:21.551 [main] TRACE - Resolving type for handle ctsheets49fdtype
20:52:21.553 [main] TRACE - Resolving type for handle ctsheet4dbetype
20:52:21.555 [main] TRACE - Resolving type for handle strelationshipid1e94type
20:52:21.557 [main] TRACE - Resolving type for handle worksheetf539doctype
20:52:21.562 [main] TRACE - Resolving type for handle ctworksheet530dtype
20:52:21.568 [main] TRACE - Resolving type for handle ctsheetdata8408type
20:52:21.570 [main] TRACE - Resolving type for handle ctrowdd39type
20:52:21.574 [main] TRACE - Resolving type for handle ctcell842btype
20:52:21.578 [main] TRACE - Resolving type for handle stcellrefe4e0type
20:52:21.584 [main] TRACE - Resolving type for handle ctcols627ctype
20:52:21.587 [main] TRACE - Resolving type for handle ctcola95ftype
20:52:21.599 [main] TRACE - Resolving type for handle cthyperlinks6416type
20:52:21.601 [main] TRACE - Resolving type for handle cthyperlink0c85type
20:52:21.604 [main] TRACE - Resolving type for handle stxstringf179type
20:52:21.606 [main] TRACE - Resolving type for handle stcelltypebf95type
20:52:24.641 [main] INFO  - Goto my account-->Click on Login.. 
20:52:25.118 [main] DEBUG - Parsing relationship: /xl/_rels/workbook.xml.rels
20:52:25.119 [main] DEBUG - Parsing relationship: /xl/worksheets/_rels/sheet1.xml.rels
20:52:25.120 [main] DEBUG - Parsing relationship: /_rels/.rels
20:52:25.133 [main] DEBUG - using default POIXMLDocumentPart for http://schemas.openxmlformats.org/officeDocument/2006/relationships/printerSettings
20:52:28.200 [main] INFO  - Goto my account-->Click on Login.. 
20:52:28.531 [main] DEBUG - Parsing relationship: /xl/_rels/workbook.xml.rels
20:52:28.532 [main] DEBUG - Parsing relationship: /xl/worksheets/_rels/sheet1.xml.rels
20:52:28.533 [main] DEBUG - Parsing relationship: /_rels/.rels
20:52:28.546 [main] DEBUG - using default POIXMLDocumentPart for http://schemas.openxmlformats.org/officeDocument/2006/relationships/printerSettings
23:14:50.055 [main] INFO  - Goto my account-->Click on Login.. 
23:14:50.330 [main] INFO  - Entering email and password.. 
23:14:50.796 [main] INFO  - clicked on login button...
23:14:52.722 [main] INFO  - Goto my account-->Click on Login.. 
23:14:53.161 [main] INFO  - Entering email and password.. 
23:14:53.753 [main] INFO  - clicked on login button...
23:19:46.861 [main] INFO  - Goto my account-->Click on Login.. 
23:19:47.263 [main] INFO  - Entering email and password.. 
23:19:47.900 [main] INFO  - clicked on login button...
23:19:49.916 [main] INFO  - Goto my account-->Click on Login.. 
23:19:50.237 [main] INFO  - Entering email and password.. 
23:19:50.996 [main] INFO  - clicked on login button...
23:26:18.039 [main] INFO  - Goto my account-->Click on Login.. 
23:26:18.335 [main] INFO  - Entering email and password.. 
23:26:18.875 [main] INFO  - clicked on login button...
23:26:21.419 [main] INFO  - Goto my account-->Click on Login.. 
23:26:22.018 [main] INFO  - Entering email and password.. 
23:26:22.532 [main] INFO  - clicked on login button...
23:29:10.873 [main] INFO  - Goto my account-->Click on Login.. 
23:29:11.188 [main] INFO  - Entering email and password.. 
23:29:11.845 [main] INFO  - clicked on login button...
23:29:13.755 [main] INFO  - Goto my account-->Click on Login.. 
23:29:14.241 [main] INFO  - Entering email and password.. 
23:29:14.826 [main] INFO  - clicked on login button...
